# Exercise 3 

Creating New Aircraft Object: 0
New Aircraft Object Has Just Been Initalized: 0
Initial X-Coord: 0
Initial Y-Coord: 0
Creating New Aircraft Object: 1
New Aircraft Object Has Just Been Initalized: 1
Initial X-Coord: 0
Initial Y-Coord: 0
Creating New Aircraft Object: 2
New Aircraft Object Has Just Been Initalized: 2
Initial X-Coord: 0
Initial Y-Coord: 0
Creating New Aircraft Object: 3
New Aircraft Object Has Just Been Initalized: 3
Initial X-Coord: 0
Initial Y-Coord: 0
Creating New Aircraft Object: 4
New Aircraft Object Has Just Been Initalized: 4
Initial X-Coord: 0
Initial Y-Coord: 0
Aircraft Instance 0 has moved up
Aircraft Instance 0 has moved down
Aircraft Instance 0 has moved left
Aircraft Instance 0 has moved right
Aircraft Instance 1 has moved left
Aircraft Instance 1 has moved up
Aircraft Instance 1 has moved down
Aircraft Instance 2 has moved right
Aircraft Instance 2 has moved left
Aircraft Instance 2 has moved down
Aircraft Instance 2 has moved right
Aircraft Instance 2 has moved left
Aircraft Instance 3 has moved down
Aircraft Instance 3 has moved right
Aircraft Instance 3 has moved left
Aircraft Instance 3 has moved down
Aircraft Instance 4 has moved right
Aircraft Instance 4 has moved left
Aircraft Instance 4 has moved right
Aircraft Instance 4 has moved up
Aircraft Instance 4 has moved right
Aircraft Instance 4 has moved left
Aircraft Instance 4 has moved down
Aircraft Instance 4 has moved left

Aircraft [ 0 ]
Final X-Coord: 0
Final Y-Coord: 0

Aircraft [ 1 ]
Final X-Coord: -1
Final Y-Coord: 0

Aircraft [ 2 ]
Final X-Coord: 0
Final Y-Coord: -1

Aircraft [ 3 ]
Final X-Coord: 0
Final Y-Coord: -2

Aircraft [ 4 ]
Final X-Coord: 0
Final Y-Coord: 0
