Creating New Aircraft Object: 0
New Aircraft Object Has Been Initalized: 0
Initial X-Coord: 3
Initial Y-Coord: 9
New Boeing 747 Object Has Just Been Iniitalized: 0
X-Coord: 93
Y-Coord: 42
Creating New Aircraft Object: 1
New Aircraft Object Has Been Initalized: 1
Initial X-Coord: 44
Initial Y-Coord: 66
New Boeing 747 Object Has Just Been Iniitalized: 1
X-Coord: 34
Y-Coord: 85
Creating New Aircraft Object: 2
New Aircraft Object Has Been Initalized: 2
Initial X-Coord: 24
Initial Y-Coord: 84
New Boeing 747 Object Has Just Been Iniitalized: 2
X-Coord: 82
Y-Coord: 94
Creating New Aircraft Object: 3
New Aircraft Object Has Been Initalized: 3
Initial X-Coord: 32
Initial Y-Coord: 13
New Boeing 747 Object Has Just Been Iniitalized: 3
X-Coord: 53
Y-Coord: 43
Creating New Aircraft Object: 4
New Aircraft Object Has Been Initalized: 4
Initial X-Coord: 43
Initial Y-Coord: 45
New Boeing 747 Object Has Just Been Iniitalized: 4
X-Coord: 53
Y-Coord: 21

Aircraft [ 0 ]
Final X-Coord: 3
Final Y-Coord: 9

Aircraft [ 1 ]
Final X-Coord: 44
Final Y-Coord: 66

Aircraft [ 2 ]
Final X-Coord: 24
Final Y-Coord: 84

Aircraft [ 3 ]
Final X-Coord: 32
Final Y-Coord: 13

Aircraft [ 4 ]
Final X-Coord: 43
Final Y-Coord: 45

Aircraft  0
Starting from: ( 3 , 9 )
Headed to: ( 93 , 42 )
3 , 9.0
4 , 9.366666666666667
5 , 9.733333333333334
6 , 10.1
7 , 10.466666666666667
8 , 10.833333333333334
9 , 11.2
10 , 11.566666666666666
11 , 11.933333333333334
12 , 12.3
13 , 12.666666666666668
14 , 13.033333333333333
15 , 13.4
16 , 13.766666666666666
17 , 14.133333333333333
18 , 14.5
19 , 14.866666666666667
20 , 15.233333333333334
21 , 15.6
22 , 15.966666666666667
23 , 16.333333333333336
24 , 16.7
25 , 17.066666666666666
26 , 17.433333333333334
27 , 17.799999999999997
28 , 18.166666666666664
29 , 18.53333333333333
30 , 18.9
31 , 19.266666666666666
32 , 19.633333333333333
33 , 20.0
34 , 20.366666666666667
35 , 20.733333333333334
36 , 21.1
37 , 21.46666666666667
38 , 21.833333333333332
39 , 22.2
40 , 22.566666666666666
41 , 22.93333333333333
42 , 23.299999999999997
43 , 23.666666666666664
44 , 24.03333333333333
45 , 24.4
46 , 24.766666666666666
47 , 25.133333333333333
48 , 25.5
49 , 25.866666666666667
50 , 26.233333333333334
51 , 26.6
52 , 26.96666666666667
53 , 27.333333333333336
54 , 27.699999999999996
55 , 28.066666666666663
56 , 28.43333333333333
57 , 28.799999999999997
58 , 29.166666666666664
59 , 29.53333333333333
60 , 29.9
61 , 30.266666666666666
62 , 30.633333333333333
63 , 31.0
64 , 31.366666666666667
65 , 31.733333333333334
66 , 32.1
67 , 32.46666666666667
68 , 32.83333333333333
69 , 33.199999999999996
70 , 33.56666666666666
71 , 33.93333333333333
72 , 34.3
73 , 34.666666666666664
74 , 35.03333333333333
75 , 35.4
76 , 35.766666666666666
77 , 36.13333333333333
78 , 36.5
79 , 36.86666666666667
80 , 37.233333333333334
81 , 37.6
82 , 37.96666666666666
83 , 38.33333333333333
84 , 38.699999999999996
85 , 39.06666666666666
86 , 39.43333333333333
87 , 39.8
88 , 40.166666666666664
89 , 40.53333333333333
90 , 40.9
91 , 41.266666666666666
92 , 41.63333333333333
93 , 41.99999999999999
We have arrived
Acceleration Constant: 1

Aircraft  1
Starting from: ( 44 , 66 )
Headed to: ( 34 , 85 )
We have arrived
Acceleration Constant: 1

Aircraft  2
Starting from: ( 24 , 84 )
Headed to: ( 82 , 94 )
24 , 84.0
25 , 84.17241379310344
26 , 84.34482758620689
27 , 84.51724137931035
28 , 84.6896551724138
29 , 84.86206896551724
30 , 85.03448275862068
31 , 85.20689655172413
32 , 85.37931034482759
33 , 85.55172413793103
34 , 85.72413793103448
35 , 85.89655172413794
36 , 86.06896551724138
37 , 86.24137931034483
38 , 86.41379310344827
39 , 86.58620689655172
40 , 86.75862068965517
41 , 86.93103448275862
42 , 87.10344827586206
43 , 87.27586206896551
44 , 87.44827586206897
45 , 87.62068965517241
46 , 87.79310344827586
47 , 87.9655172413793
48 , 88.13793103448276
49 , 88.3103448275862
50 , 88.48275862068965
51 , 88.6551724137931
52 , 88.82758620689656
53 , 89.0
54 , 89.17241379310344
55 , 89.34482758620689
56 , 89.51724137931035
57 , 89.6896551724138
58 , 89.86206896551724
59 , 90.03448275862068
60 , 90.20689655172413
61 , 90.37931034482759
62 , 90.55172413793103
63 , 90.72413793103448
64 , 90.89655172413794
65 , 91.06896551724138
66 , 91.24137931034483
67 , 91.41379310344827
68 , 91.58620689655172
69 , 91.75862068965517
70 , 91.93103448275862
71 , 92.10344827586206
72 , 92.27586206896552
73 , 92.44827586206897
74 , 92.62068965517241
75 , 92.79310344827586
76 , 92.9655172413793
77 , 93.13793103448276
78 , 93.3103448275862
79 , 93.48275862068965
80 , 93.6551724137931
81 , 93.82758620689656
82 , 94.0
We have arrived
Acceleration Constant: 1

Aircraft  3
Starting from: ( 32 , 13 )
Headed to: ( 53 , 43 )
32 , 13.0
33 , 14.42857142857143
34 , 15.857142857142854
35 , 17.285714285714285
36 , 18.714285714285715
37 , 20.142857142857146
38 , 21.57142857142857
39 , 23.0
40 , 24.42857142857143
41 , 25.857142857142854
42 , 27.285714285714285
43 , 28.714285714285715
44 , 30.142857142857146
45 , 31.571428571428577
46 , 33.00000000000001
47 , 34.42857142857142
48 , 35.857142857142854
49 , 37.285714285714285
50 , 38.714285714285715
51 , 40.142857142857146
52 , 41.57142857142858
We have arrived
Acceleration Constant: 1

Aircraft  4
Starting from: ( 43 , 45 )
Headed to: ( 53 , 21 )
53 , 21.0
We have arrived
Acceleration Constant: 1
